{"/Users/apostoloskapetanios/Library/Mobile Documents/com~apple~CloudDocs/Knowledge/Programming/PersonalProjects/node_exercise/config/winston-config-for-sequelize.ts": {"path":"/Users/apostoloskapetanios/Library/Mobile Documents/com~apple~CloudDocs/Knowledge/Programming/PersonalProjects/node_exercise/config/winston-config-for-sequelize.ts","statementMap":{"0":{"start":{"line":43,"column":0},"end":{"line":43,"column":15}},"1":{"start":{"line":1,"column":25},"end":{"line":1,"column":null}},"2":{"start":{"line":2,"column":19},"end":{"line":2,"column":null}},"3":{"start":{"line":4,"column":21},"end":{"line":6,"column":null}},"4":{"start":{"line":5,"column":2},"end":{"line":5,"column":null}},"5":{"start":{"line":9,"column":12},"end":{"line":9,"column":null}},"6":{"start":{"line":10,"column":15},"end":{"line":10,"column":null}},"7":{"start":{"line":12,"column":15},"end":{"line":26,"column":null}},"8":{"start":{"line":28,"column":0},"end":{"line":41,"column":null}},"9":{"start":{"line":32,"column":2},"end":{"line":39,"column":null}},"10":{"start":{"line":43,"column":15},"end":{"line":43,"column":null}}},"fnMap":{"0":{"name":"(anonymous_5)","decl":{"start":{"line":4,"column":43},"end":{"line":4,"column":44}},"loc":{"start":{"line":4,"column":73},"end":{"line":6,"column":null}}}},"branchMap":{"0":{"loc":{"start":{"line":9,"column":12},"end":{"line":9,"column":null}},"type":"binary-expr","locations":[{"start":{"line":9,"column":12},"end":{"line":9,"column":32}},{"start":{"line":9,"column":36},"end":{"line":9,"column":null}}]},"1":{"loc":{"start":{"line":10,"column":15},"end":{"line":10,"column":null}},"type":"cond-expr","locations":[{"start":{"line":10,"column":32},"end":{"line":10,"column":46}},{"start":{"line":10,"column":46},"end":{"line":10,"column":null}}]},"2":{"loc":{"start":{"line":28,"column":0},"end":{"line":41,"column":null}},"type":"if","locations":[{"start":{"line":28,"column":0},"end":{"line":41,"column":null}}]},"3":{"loc":{"start":{"line":29,"column":2},"end":{"line":30,"column":null}},"type":"binary-expr","locations":[{"start":{"line":29,"column":2},"end":{"line":29,"column":null}},{"start":{"line":30,"column":2},"end":{"line":30,"column":null}}]}},"s":{"0":125,"1":1,"2":1,"3":1,"4":125,"5":1,"6":1,"7":1,"8":1,"9":0,"10":1},"f":{"0":125},"b":{"0":[1,0],"1":[1,0],"2":[0],"3":[1,1]}}
,"/Users/apostoloskapetanios/Library/Mobile Documents/com~apple~CloudDocs/Knowledge/Programming/PersonalProjects/node_exercise/src/App.ts": {"path":"/Users/apostoloskapetanios/Library/Mobile Documents/com~apple~CloudDocs/Knowledge/Programming/PersonalProjects/node_exercise/src/App.ts","statementMap":{"0":{"start":{"line":14,"column":13},"end":{"line":14,"column":19}},"1":{"start":{"line":2,"column":66},"end":{"line":2,"column":null}},"2":{"start":{"line":3,"column":31},"end":{"line":3,"column":null}},"3":{"start":{"line":6,"column":7},"end":{"line":6,"column":null}},"4":{"start":{"line":8,"column":19},"end":{"line":8,"column":null}},"5":{"start":{"line":9,"column":25},"end":{"line":9,"column":null}},"6":{"start":{"line":10,"column":23},"end":{"line":10,"column":null}},"7":{"start":{"line":14,"column":19},"end":{"line":14,"column":null}},"8":{"start":{"line":20,"column":0},"end":{"line":25,"column":null}},"9":{"start":{"line":23,"column":6},"end":{"line":23,"column":null}},"10":{"start":{"line":28,"column":0},"end":{"line":28,"column":null}},"11":{"start":{"line":29,"column":0},"end":{"line":29,"column":null}},"12":{"start":{"line":31,"column":0},"end":{"line":45,"column":null}},"13":{"start":{"line":33,"column":2},"end":{"line":33,"column":50}},"14":{"start":{"line":34,"column":2},"end":{"line":36,"column":null}},"15":{"start":{"line":40,"column":2},"end":{"line":43,"column":null}},"16":{"start":{"line":41,"column":4},"end":{"line":41,"column":null}},"17":{"start":{"line":42,"column":4},"end":{"line":42,"column":null}},"18":{"start":{"line":44,"column":2},"end":{"line":44,"column":10}},"19":{"start":{"line":47,"column":0},"end":{"line":47,"column":null}},"20":{"start":{"line":48,"column":0},"end":{"line":48,"column":null}},"21":{"start":{"line":50,"column":0},"end":{"line":54,"column":null}},"22":{"start":{"line":51,"column":29},"end":{"line":51,"column":null}},"23":{"start":{"line":52,"column":2},"end":{"line":52,"column":null}},"24":{"start":{"line":53,"column":2},"end":{"line":53,"column":null}},"25":{"start":{"line":56,"column":0},"end":{"line":64,"column":null}},"26":{"start":{"line":58,"column":4},"end":{"line":58,"column":null}},"27":{"start":{"line":59,"column":4},"end":{"line":63,"column":null}}},"fnMap":{"0":{"name":"(anonymous_2)","decl":{"start":{"line":22,"column":10},"end":{"line":22,"column":20}},"loc":{"start":{"line":22,"column":47},"end":{"line":24,"column":null}}},"1":{"name":"(anonymous_3)","decl":{"start":{"line":31,"column":8},"end":{"line":31,"column":9}},"loc":{"start":{"line":31,"column":38},"end":{"line":45,"column":null}}},"2":{"name":"(anonymous_4)","decl":{"start":{"line":50,"column":8},"end":{"line":50,"column":9}},"loc":{"start":{"line":50,"column":38},"end":{"line":54,"column":null}}},"3":{"name":"(anonymous_5)","decl":{"start":{"line":57,"column":2},"end":{"line":57,"column":3}},"loc":{"start":{"line":57,"column":52},"end":{"line":64,"column":null}}}},"branchMap":{"0":{"loc":{"start":{"line":40,"column":2},"end":{"line":43,"column":null}},"type":"if","locations":[{"start":{"line":40,"column":2},"end":{"line":43,"column":null}}]},"1":{"loc":{"start":{"line":58,"column":15},"end":{"line":58,"column":null}},"type":"binary-expr","locations":[{"start":{"line":58,"column":15},"end":{"line":58,"column":27}},{"start":{"line":58,"column":31},"end":{"line":58,"column":null}}]}},"s":{"0":7,"1":1,"2":1,"3":1,"4":1,"5":1,"6":1,"7":1,"8":1,"9":7,"10":1,"11":1,"12":1,"13":7,"14":7,"15":7,"16":0,"17":0,"18":7,"19":1,"20":1,"21":1,"22":0,"23":0,"24":0,"25":1,"26":0,"27":0},"f":{"0":7,"1":7,"2":0,"3":0},"b":{"0":[0],"1":[0,0]}}
,"/Users/apostoloskapetanios/Library/Mobile Documents/com~apple~CloudDocs/Knowledge/Programming/PersonalProjects/node_exercise/src/routes/myRoutes.ts": {"path":"/Users/apostoloskapetanios/Library/Mobile Documents/com~apple~CloudDocs/Knowledge/Programming/PersonalProjects/node_exercise/src/routes/myRoutes.ts","statementMap":{"0":{"start":{"line":10,"column":13},"end":{"line":10,"column":24}},"1":{"start":{"line":1,"column":43},"end":{"line":1,"column":null}},"2":{"start":{"line":2,"column":19},"end":{"line":2,"column":null}},"3":{"start":{"line":4,"column":28},"end":{"line":4,"column":null}},"4":{"start":{"line":6,"column":58},"end":{"line":6,"column":null}},"5":{"start":{"line":8,"column":19},"end":{"line":8,"column":null}},"6":{"start":{"line":10,"column":24},"end":{"line":10,"column":null}},"7":{"start":{"line":17,"column":0},"end":{"line":29,"column":null}},"8":{"start":{"line":18,"column":2},"end":{"line":28,"column":null}},"9":{"start":{"line":19,"column":4},"end":{"line":19,"column":null}},"10":{"start":{"line":20,"column":4},"end":{"line":20,"column":null}},"11":{"start":{"line":21,"column":4},"end":{"line":21,"column":null}},"12":{"start":{"line":22,"column":4},"end":{"line":24,"column":null}},"13":{"start":{"line":26,"column":4},"end":{"line":26,"column":null}},"14":{"start":{"line":27,"column":4},"end":{"line":27,"column":null}},"15":{"start":{"line":34,"column":0},"end":{"line":70,"column":null}},"16":{"start":{"line":37,"column":4},"end":{"line":37,"column":null}},"17":{"start":{"line":39,"column":4},"end":{"line":39,"column":null}},"18":{"start":{"line":41,"column":4},"end":{"line":41,"column":null}},"19":{"start":{"line":43,"column":27},"end":{"line":43,"column":null}},"20":{"start":{"line":45,"column":2},"end":{"line":47,"column":null}},"21":{"start":{"line":46,"column":4},"end":{"line":46,"column":null}},"22":{"start":{"line":49,"column":2},"end":{"line":51,"column":null}},"23":{"start":{"line":50,"column":4},"end":{"line":50,"column":null}},"24":{"start":{"line":53,"column":2},"end":{"line":55,"column":null}},"25":{"start":{"line":54,"column":4},"end":{"line":54,"column":null}},"26":{"start":{"line":57,"column":2},"end":{"line":69,"column":null}},"27":{"start":{"line":58,"column":18},"end":{"line":60,"column":null}},"28":{"start":{"line":62,"column":4},"end":{"line":63,"column":null}},"29":{"start":{"line":65,"column":4},"end":{"line":65,"column":null}},"30":{"start":{"line":67,"column":4},"end":{"line":67,"column":null}},"31":{"start":{"line":68,"column":4},"end":{"line":68,"column":null}},"32":{"start":{"line":77,"column":0},"end":{"line":104,"column":null}},"33":{"start":{"line":78,"column":2},"end":{"line":103,"column":null}},"34":{"start":{"line":80,"column":20},"end":{"line":80,"column":null}},"35":{"start":{"line":81,"column":20},"end":{"line":81,"column":null}},"36":{"start":{"line":84,"column":4},"end":{"line":86,"column":null}},"37":{"start":{"line":85,"column":6},"end":{"line":85,"column":null}},"38":{"start":{"line":88,"column":21},"end":{"line":96,"column":null}},"39":{"start":{"line":98,"column":4},"end":{"line":98,"column":null}},"40":{"start":{"line":99,"column":4},"end":{"line":99,"column":null}},"41":{"start":{"line":101,"column":4},"end":{"line":101,"column":null}},"42":{"start":{"line":102,"column":4},"end":{"line":102,"column":null}},"43":{"start":{"line":112,"column":0},"end":{"line":168,"column":null}},"44":{"start":{"line":113,"column":2},"end":{"line":167,"column":null}},"45":{"start":{"line":114,"column":22},"end":{"line":114,"column":39}},"46":{"start":{"line":117,"column":4},"end":{"line":119,"column":null}},"47":{"start":{"line":118,"column":6},"end":{"line":118,"column":null}},"48":{"start":{"line":121,"column":19},"end":{"line":121,"column":null}},"49":{"start":{"line":124,"column":4},"end":{"line":126,"column":null}},"50":{"start":{"line":125,"column":6},"end":{"line":125,"column":null}},"51":{"start":{"line":128,"column":18},"end":{"line":155,"column":5}},"52":{"start":{"line":157,"column":20},"end":{"line":160,"column":null}},"53":{"start":{"line":162,"column":4},"end":{"line":162,"column":null}},"54":{"start":{"line":163,"column":4},"end":{"line":163,"column":null}},"55":{"start":{"line":165,"column":4},"end":{"line":165,"column":null}},"56":{"start":{"line":166,"column":4},"end":{"line":166,"column":null}}},"fnMap":{"0":{"name":"(anonymous_2)","decl":{"start":{"line":17,"column":25},"end":{"line":17,"column":32}},"loc":{"start":{"line":17,"column":46},"end":{"line":29,"column":null}}},"1":{"name":"(anonymous_3)","decl":{"start":{"line":34,"column":23},"end":{"line":34,"column":30}},"loc":{"start":{"line":34,"column":44},"end":{"line":70,"column":null}}},"2":{"name":"(anonymous_4)","decl":{"start":{"line":77,"column":26},"end":{"line":77,"column":33}},"loc":{"start":{"line":77,"column":47},"end":{"line":104,"column":null}}},"3":{"name":"(anonymous_5)","decl":{"start":{"line":112,"column":39},"end":{"line":112,"column":46}},"loc":{"start":{"line":112,"column":51},"end":{"line":168,"column":null}}}},"branchMap":{"0":{"loc":{"start":{"line":37,"column":4},"end":{"line":37,"column":null}},"type":"cond-expr","locations":[{"start":{"line":37,"column":46},"end":{"line":37,"column":75}},{"start":{"line":37,"column":75},"end":{"line":37,"column":null}}]},"1":{"loc":{"start":{"line":39,"column":4},"end":{"line":39,"column":null}},"type":"cond-expr","locations":[{"start":{"line":39,"column":44},"end":{"line":39,"column":71}},{"start":{"line":39,"column":71},"end":{"line":39,"column":null}}]},"2":{"loc":{"start":{"line":41,"column":4},"end":{"line":41,"column":null}},"type":"cond-expr","locations":[{"start":{"line":41,"column":43},"end":{"line":41,"column":69}},{"start":{"line":41,"column":69},"end":{"line":41,"column":null}}]},"3":{"loc":{"start":{"line":45,"column":2},"end":{"line":47,"column":null}},"type":"if","locations":[{"start":{"line":45,"column":2},"end":{"line":47,"column":null}}]},"4":{"loc":{"start":{"line":49,"column":2},"end":{"line":51,"column":null}},"type":"if","locations":[{"start":{"line":49,"column":2},"end":{"line":51,"column":null}}]},"5":{"loc":{"start":{"line":53,"column":2},"end":{"line":55,"column":null}},"type":"if","locations":[{"start":{"line":53,"column":2},"end":{"line":55,"column":null}}]},"6":{"loc":{"start":{"line":84,"column":4},"end":{"line":86,"column":null}},"type":"if","locations":[{"start":{"line":84,"column":4},"end":{"line":86,"column":null}}]},"7":{"loc":{"start":{"line":84,"column":8},"end":{"line":84,"column":42}},"type":"binary-expr","locations":[{"start":{"line":84,"column":8},"end":{"line":84,"column":26}},{"start":{"line":84,"column":26},"end":{"line":84,"column":42}}]},"8":{"loc":{"start":{"line":117,"column":4},"end":{"line":119,"column":null}},"type":"if","locations":[{"start":{"line":117,"column":4},"end":{"line":119,"column":null}}]},"9":{"loc":{"start":{"line":117,"column":8},"end":{"line":117,"column":48}},"type":"binary-expr","locations":[{"start":{"line":117,"column":8},"end":{"line":117,"column":22}},{"start":{"line":117,"column":22},"end":{"line":117,"column":48}}]},"10":{"loc":{"start":{"line":124,"column":4},"end":{"line":126,"column":null}},"type":"if","locations":[{"start":{"line":124,"column":4},"end":{"line":126,"column":null}}]}},"s":{"0":1,"1":1,"2":1,"3":1,"4":1,"5":1,"6":1,"7":1,"8":1,"9":1,"10":1,"11":1,"12":1,"13":0,"14":0,"15":1,"16":2,"17":2,"18":2,"19":2,"20":2,"21":1,"22":2,"23":1,"24":2,"25":0,"26":2,"27":2,"28":2,"29":2,"30":0,"31":0,"32":1,"33":2,"34":2,"35":2,"36":2,"37":1,"38":1,"39":1,"40":1,"41":0,"42":0,"43":1,"44":2,"45":2,"46":2,"47":1,"48":1,"49":1,"50":0,"51":1,"52":1,"53":1,"54":1,"55":0,"56":0},"f":{"0":1,"1":2,"2":2,"3":2},"b":{"0":[1,1],"1":[1,1],"2":[0,2],"3":[1],"4":[1],"5":[0],"6":[1],"7":[2,1],"8":[1],"9":[2,2],"10":[0]}}
,"/Users/apostoloskapetanios/Library/Mobile Documents/com~apple~CloudDocs/Knowledge/Programming/PersonalProjects/node_exercise/src/services/dbService/dbConnect.ts": {"path":"/Users/apostoloskapetanios/Library/Mobile Documents/com~apple~CloudDocs/Knowledge/Programming/PersonalProjects/node_exercise/src/services/dbService/dbConnect.ts","statementMap":{"0":{"start":{"line":10,"column":13},"end":{"line":10,"column":27}},"1":{"start":{"line":3,"column":21},"end":{"line":3,"column":null}},"2":{"start":{"line":1,"column":22},"end":{"line":1,"column":null}},"3":{"start":{"line":2,"column":15},"end":{"line":2,"column":null}},"4":{"start":{"line":7,"column":2},"end":{"line":7,"column":null}},"5":{"start":{"line":10,"column":27},"end":{"line":31,"column":null}}},"fnMap":{"0":{"name":"sequelizeLogging","decl":{"start":{"line":6,"column":9},"end":{"line":6,"column":26}},"loc":{"start":{"line":6,"column":37},"end":{"line":8,"column":null}}}},"branchMap":{},"s":{"0":6,"1":1,"2":1,"3":1,"4":125,"5":1},"f":{"0":125},"b":{}}
,"/Users/apostoloskapetanios/Library/Mobile Documents/com~apple~CloudDocs/Knowledge/Programming/PersonalProjects/node_exercise/src/services/dbService/initDBAndModels.ts": {"path":"/Users/apostoloskapetanios/Library/Mobile Documents/com~apple~CloudDocs/Knowledge/Programming/PersonalProjects/node_exercise/src/services/dbService/initDBAndModels.ts","statementMap":{"0":{"start":{"line":29,"column":28},"end":{"line":29,"column":null}},"1":{"start":{"line":29,"column":22},"end":{"line":29,"column":28}},"2":{"start":{"line":23,"column":22},"end":{"line":23,"column":40}},"3":{"start":{"line":19,"column":22},"end":{"line":19,"column":37}},"4":{"start":{"line":29,"column":9},"end":{"line":29,"column":22}},"5":{"start":{"line":1,"column":28},"end":{"line":1,"column":null}},"6":{"start":{"line":2,"column":21},"end":{"line":2,"column":null}},"7":{"start":{"line":3,"column":24},"end":{"line":3,"column":null}},"8":{"start":{"line":4,"column":19},"end":{"line":4,"column":null}},"9":{"start":{"line":7,"column":2},"end":{"line":7,"column":null}},"10":{"start":{"line":9,"column":2},"end":{"line":16,"column":null}},"11":{"start":{"line":10,"column":4},"end":{"line":10,"column":null}},"12":{"start":{"line":11,"column":4},"end":{"line":11,"column":null}},"13":{"start":{"line":12,"column":4},"end":{"line":12,"column":null}},"14":{"start":{"line":14,"column":4},"end":{"line":14,"column":null}},"15":{"start":{"line":15,"column":4},"end":{"line":15,"column":null}},"16":{"start":{"line":20,"column":2},"end":{"line":20,"column":null}},"17":{"start":{"line":24,"column":2},"end":{"line":24,"column":null}},"18":{"start":{"line":27,"column":0},"end":{"line":27,"column":null}}},"fnMap":{"0":{"name":"assertDBConnectionOK","decl":{"start":{"line":6,"column":15},"end":{"line":6,"column":null}},"loc":{"start":{"line":6,"column":15},"end":{"line":17,"column":null}}},"1":{"name":"emptyUsersTable","decl":{"start":{"line":19,"column":22},"end":{"line":19,"column":37}},"loc":{"start":{"line":19,"column":22},"end":{"line":21,"column":null}}},"2":{"name":"emptyMessagesTable","decl":{"start":{"line":23,"column":22},"end":{"line":23,"column":40}},"loc":{"start":{"line":23,"column":22},"end":{"line":25,"column":null}}}},"branchMap":{},"s":{"0":102,"1":15,"2":1,"3":1,"4":2,"5":1,"6":1,"7":1,"8":1,"9":1,"10":1,"11":1,"12":1,"13":1,"14":0,"15":0,"16":1,"17":1,"18":1},"f":{"0":1,"1":1,"2":1},"b":{}}
,"/Users/apostoloskapetanios/Library/Mobile Documents/com~apple~CloudDocs/Knowledge/Programming/PersonalProjects/node_exercise/src/utils/helpers.ts": {"path":"/Users/apostoloskapetanios/Library/Mobile Documents/com~apple~CloudDocs/Knowledge/Programming/PersonalProjects/node_exercise/src/utils/helpers.ts","statementMap":{"0":{"start":{"line":69,"column":13},"end":{"line":69,"column":34}},"1":{"start":{"line":33,"column":13},"end":{"line":33,"column":31}},"2":{"start":{"line":1,"column":17},"end":{"line":1,"column":null}},"3":{"start":{"line":2,"column":15},"end":{"line":2,"column":null}},"4":{"start":{"line":3,"column":17},"end":{"line":3,"column":null}},"5":{"start":{"line":4,"column":19},"end":{"line":4,"column":null}},"6":{"start":{"line":8,"column":7},"end":{"line":8,"column":null}},"7":{"start":{"line":9,"column":45},"end":{"line":9,"column":null}},"8":{"start":{"line":13,"column":7},"end":{"line":13,"column":null}},"9":{"start":{"line":24,"column":21},"end":{"line":24,"column":null}},"10":{"start":{"line":25,"column":24},"end":{"line":25,"column":null}},"11":{"start":{"line":28,"column":28},"end":{"line":28,"column":null}},"12":{"start":{"line":30,"column":2},"end":{"line":30,"column":null}},"13":{"start":{"line":33,"column":34},"end":{"line":67,"column":null}},"14":{"start":{"line":34,"column":2},"end":{"line":34,"column":null}},"15":{"start":{"line":35,"column":2},"end":{"line":35,"column":null}},"16":{"start":{"line":37,"column":2},"end":{"line":37,"column":null}},"17":{"start":{"line":38,"column":25},"end":{"line":38,"column":null}},"18":{"start":{"line":40,"column":21},"end":{"line":40,"column":null}},"19":{"start":{"line":41,"column":29},"end":{"line":41,"column":null}},"20":{"start":{"line":44,"column":2},"end":{"line":66,"column":null}},"21":{"start":{"line":46,"column":4},"end":{"line":65,"column":null}},"22":{"start":{"line":47,"column":6},"end":{"line":64,"column":null}},"23":{"start":{"line":48,"column":8},"end":{"line":63,"column":null}},"24":{"start":{"line":49,"column":10},"end":{"line":62,"column":null}},"25":{"start":{"line":51,"column":14},"end":{"line":51,"column":null}},"26":{"start":{"line":53,"column":40},"end":{"line":59,"column":null}},"27":{"start":{"line":61,"column":12},"end":{"line":61,"column":null}},"28":{"start":{"line":69,"column":37},"end":{"line":104,"column":null}},"29":{"start":{"line":70,"column":2},"end":{"line":70,"column":null}},"30":{"start":{"line":71,"column":2},"end":{"line":71,"column":null}},"31":{"start":{"line":73,"column":2},"end":{"line":73,"column":null}},"32":{"start":{"line":74,"column":28},"end":{"line":74,"column":null}},"33":{"start":{"line":76,"column":21},"end":{"line":76,"column":null}},"34":{"start":{"line":77,"column":29},"end":{"line":77,"column":null}},"35":{"start":{"line":80,"column":2},"end":{"line":103,"column":null}},"36":{"start":{"line":82,"column":4},"end":{"line":102,"column":null}},"37":{"start":{"line":83,"column":6},"end":{"line":101,"column":null}},"38":{"start":{"line":84,"column":8},"end":{"line":100,"column":null}},"39":{"start":{"line":85,"column":10},"end":{"line":99,"column":null}},"40":{"start":{"line":87,"column":14},"end":{"line":87,"column":null}},"41":{"start":{"line":89,"column":48},"end":{"line":96,"column":null}},"42":{"start":{"line":98,"column":12},"end":{"line":98,"column":null}}},"fnMap":{"0":{"name":"excelDateToJSDate","decl":{"start":{"line":23,"column":9},"end":{"line":23,"column":27}},"loc":{"start":{"line":23,"column":41},"end":{"line":31,"column":null}}},"1":{"name":"(anonymous_5)","decl":{"start":{"line":33,"column":34},"end":{"line":33,"column":null}},"loc":{"start":{"line":33,"column":34},"end":{"line":67,"column":null}}},"2":{"name":"(anonymous_6)","decl":{"start":{"line":48,"column":23},"end":{"line":48,"column":24}},"loc":{"start":{"line":48,"column":24},"end":{"line":63,"column":null}}},"3":{"name":"(anonymous_7)","decl":{"start":{"line":69,"column":37},"end":{"line":69,"column":null}},"loc":{"start":{"line":69,"column":37},"end":{"line":104,"column":null}}},"4":{"name":"(anonymous_8)","decl":{"start":{"line":84,"column":23},"end":{"line":84,"column":24}},"loc":{"start":{"line":84,"column":24},"end":{"line":100,"column":null}}}},"branchMap":{"0":{"loc":{"start":{"line":25,"column":24},"end":{"line":25,"column":null}},"type":"cond-expr","locations":[{"start":{"line":25,"column":39},"end":{"line":25,"column":44}},{"start":{"line":25,"column":44},"end":{"line":25,"column":null}}]},"1":{"loc":{"start":{"line":46,"column":4},"end":{"line":65,"column":null}},"type":"if","locations":[{"start":{"line":46,"column":4},"end":{"line":65,"column":null}}]},"2":{"loc":{"start":{"line":47,"column":6},"end":{"line":64,"column":null}},"type":"if","locations":[{"start":{"line":47,"column":6},"end":{"line":64,"column":null}}]},"3":{"loc":{"start":{"line":47,"column":10},"end":{"line":47,"column":47}},"type":"binary-expr","locations":[{"start":{"line":47,"column":10},"end":{"line":47,"column":20}},{"start":{"line":47,"column":24},"end":{"line":47,"column":47}}]},"4":{"loc":{"start":{"line":49,"column":10},"end":{"line":62,"column":null}},"type":"if","locations":[{"start":{"line":49,"column":10},"end":{"line":62,"column":null}}]},"5":{"loc":{"start":{"line":82,"column":4},"end":{"line":102,"column":null}},"type":"if","locations":[{"start":{"line":82,"column":4},"end":{"line":102,"column":null}}]},"6":{"loc":{"start":{"line":83,"column":6},"end":{"line":101,"column":null}},"type":"if","locations":[{"start":{"line":83,"column":6},"end":{"line":101,"column":null}}]},"7":{"loc":{"start":{"line":83,"column":10},"end":{"line":83,"column":47}},"type":"binary-expr","locations":[{"start":{"line":83,"column":10},"end":{"line":83,"column":20}},{"start":{"line":83,"column":24},"end":{"line":83,"column":47}}]},"8":{"loc":{"start":{"line":85,"column":10},"end":{"line":99,"column":null}},"type":"if","locations":[{"start":{"line":85,"column":10},"end":{"line":99,"column":null}}]}},"s":{"0":1,"1":1,"2":1,"3":1,"4":1,"5":1,"6":1,"7":1,"8":1,"9":110,"10":110,"11":110,"12":110,"13":1,"14":1,"15":1,"16":1,"17":1,"18":1,"19":1,"20":1,"21":2,"22":1,"23":1,"24":1000,"25":10,"26":10,"27":10,"28":1,"29":1,"30":1,"31":1,"32":1,"33":1,"34":1,"35":1,"36":2,"37":1,"38":1,"39":100,"40":100,"41":100,"42":100},"f":{"0":110,"1":1,"2":1000,"3":1,"4":100},"b":{"0":[110,0],"1":[1],"2":[1],"3":[1,1],"4":[10],"5":[1],"6":[1],"7":[1,1],"8":[100]}}
}
