TN:
SF:config/winston-config.ts
FN:4,(anonymous_5)
FNF:1
FNH:1
FNDA:18,(anonymous_5)
DA:1,1
DA:2,1
DA:4,1
DA:5,18
DA:9,1
DA:10,1
DA:12,1
DA:28,1
DA:29,1
DA:40,9
LF:10
LH:10
BRDA:9,0,0,1
BRDA:9,0,1,0
BRDA:10,1,0,1
BRDA:10,1,1,0
BRDA:28,2,0,1
BRF:5
BRH:3
end_of_record
TN:
SF:src/App.ts
FN:23,(anonymous_2)
FN:32,(anonymous_3)
FN:51,(anonymous_4)
FN:58,(anonymous_5)
FNF:4
FNH:2
FNDA:7,(anonymous_2)
FNDA:7,(anonymous_3)
FNDA:0,(anonymous_4)
FNDA:0,(anonymous_5)
DA:2,1
DA:3,1
DA:6,1
DA:8,1
DA:9,1
DA:10,1
DA:15,7
DA:21,1
DA:24,7
DA:29,1
DA:30,1
DA:32,1
DA:34,7
DA:35,7
DA:41,7
DA:42,0
DA:43,0
DA:45,7
DA:48,1
DA:49,1
DA:51,1
DA:52,0
DA:53,0
DA:54,0
DA:57,1
DA:59,0
DA:60,0
LF:27
LH:20
BRDA:41,0,0,0
BRDA:59,1,0,0
BRDA:59,1,1,0
BRF:3
BRH:0
end_of_record
TN:
SF:src/routes/myRoutes.ts
FN:17,(anonymous_2)
FN:35,(anonymous_3)
FN:78,(anonymous_4)
FN:110,(anonymous_5)
FNF:4
FNH:4
FNDA:1,(anonymous_2)
FNDA:2,(anonymous_3)
FNDA:2,(anonymous_4)
FNDA:2,(anonymous_5)
DA:1,1
DA:2,1
DA:4,1
DA:6,1
DA:8,1
DA:10,1
DA:17,1
DA:18,1
DA:19,1
DA:20,1
DA:21,1
DA:22,1
DA:26,0
DA:27,0
DA:28,0
DA:35,1
DA:38,2
DA:40,2
DA:42,2
DA:44,2
DA:46,2
DA:47,1
DA:50,2
DA:51,1
DA:54,2
DA:55,0
DA:58,2
DA:59,2
DA:63,2
DA:66,2
DA:68,0
DA:69,0
DA:78,1
DA:79,2
DA:81,2
DA:82,2
DA:84,2
DA:85,1
DA:87,1
DA:96,1
DA:97,1
DA:99,0
DA:100,0
DA:110,1
DA:111,2
DA:112,2
DA:115,2
DA:116,1
DA:119,1
DA:122,1
DA:123,0
DA:126,1
DA:156,1
DA:161,1
DA:162,1
DA:164,0
DA:165,0
LF:57
LH:46
BRDA:38,0,0,1
BRDA:38,0,1,1
BRDA:40,1,0,1
BRDA:40,1,1,1
BRDA:42,2,0,0
BRDA:42,2,1,2
BRDA:46,3,0,1
BRDA:50,4,0,1
BRDA:54,5,0,0
BRDA:84,6,0,1
BRDA:84,7,0,2
BRDA:84,7,1,1
BRDA:115,8,0,1
BRDA:115,9,0,2
BRDA:115,9,1,2
BRDA:122,10,0,0
BRF:16
BRH:13
end_of_record
TN:
SF:src/services/dbService/dbConnect.ts
FN:6,sequelizeLogging
FNF:1
FNH:1
FNDA:126,sequelizeLogging
DA:1,1
DA:2,1
DA:3,1
DA:7,126
DA:10,4
LF:5
LH:5
BRF:0
BRH:0
end_of_record
TN:
SF:src/services/dbService/initDBAndModels.ts
FN:6,assertDBConnectionOK
FN:19,dropAndCreateUsersTable
FN:24,dropAndCreateMessagesTable
FNF:3
FNH:2
FNDA:0,assertDBConnectionOK
FNDA:1,dropAndCreateUsersTable
FNDA:1,dropAndCreateMessagesTable
DA:1,1
DA:2,1
DA:3,1
DA:4,1
DA:7,0
DA:9,0
DA:10,0
DA:11,0
DA:12,0
DA:14,0
DA:15,0
DA:19,1
DA:20,1
DA:21,1
DA:24,1
DA:25,1
DA:26,1
DA:29,1
DA:30,0
DA:33,102
LF:20
LH:12
BRDA:29,0,0,0
BRF:1
BRH:0
end_of_record
TN:
SF:src/utils/helpers.ts
FN:23,excelDateToJSDate
FN:33,(anonymous_5)
FN:51,(anonymous_6)
FN:76,(anonymous_7)
FN:94,(anonymous_8)
FNF:5
FNH:5
FNDA:110,excelDateToJSDate
FNDA:1,(anonymous_5)
FNDA:1000,(anonymous_6)
FNDA:1,(anonymous_7)
FNDA:100,(anonymous_8)
DA:1,1
DA:2,1
DA:3,1
DA:4,1
DA:8,1
DA:9,1
DA:13,1
DA:24,110
DA:25,110
DA:28,110
DA:30,110
DA:33,1
DA:34,1
DA:35,1
DA:36,1
DA:38,1
DA:39,1
DA:41,1
DA:44,1
DA:47,1
DA:49,2
DA:50,1
DA:51,1
DA:52,1000
DA:54,10
DA:56,10
DA:64,10
DA:71,0
DA:72,0
DA:76,1
DA:77,1
DA:78,1
DA:79,1
DA:81,1
DA:82,1
DA:84,1
DA:87,1
DA:90,1
DA:92,2
DA:93,1
DA:94,1
DA:95,100
DA:97,100
DA:99,100
DA:108,100
DA:115,0
DA:116,0
LF:47
LH:43
BRDA:25,0,0,110
BRDA:25,0,1,0
BRDA:49,1,0,1
BRDA:50,2,0,1
BRDA:50,3,0,1
BRDA:50,3,1,1
BRDA:52,4,0,10
BRDA:92,5,0,1
BRDA:93,6,0,1
BRDA:93,7,0,1
BRDA:93,7,1,1
BRDA:95,8,0,100
BRF:12
BRH:11
end_of_record
