TN:
SF:config/winston-config-for-sequelize.ts
FN:4,(anonymous_5)
FNF:1
FNH:1
FNDA:125,(anonymous_5)
DA:1,1
DA:2,1
DA:4,1
DA:5,125
DA:9,1
DA:10,1
DA:12,1
DA:28,1
DA:32,0
DA:43,125
LF:10
LH:9
BRDA:9,0,0,1
BRDA:9,0,1,0
BRDA:10,1,0,1
BRDA:10,1,1,0
BRDA:28,2,0,0
BRDA:29,3,0,1
BRDA:29,3,1,1
BRF:7
BRH:4
end_of_record
TN:
SF:src/App.ts
FN:22,(anonymous_2)
FN:31,(anonymous_3)
FN:50,(anonymous_4)
FN:57,(anonymous_5)
FNF:4
FNH:2
FNDA:7,(anonymous_2)
FNDA:7,(anonymous_3)
FNDA:0,(anonymous_4)
FNDA:0,(anonymous_5)
DA:2,1
DA:3,1
DA:6,1
DA:8,1
DA:9,1
DA:10,1
DA:14,7
DA:20,1
DA:23,7
DA:28,1
DA:29,1
DA:31,1
DA:33,7
DA:34,7
DA:40,7
DA:41,0
DA:42,0
DA:44,7
DA:47,1
DA:48,1
DA:50,1
DA:51,0
DA:52,0
DA:53,0
DA:56,1
DA:58,0
DA:59,0
LF:27
LH:20
BRDA:40,0,0,0
BRDA:58,1,0,0
BRDA:58,1,1,0
BRF:3
BRH:0
end_of_record
TN:
SF:src/routes/myRoutes.ts
FN:17,(anonymous_2)
FN:34,(anonymous_3)
FN:77,(anonymous_4)
FN:112,(anonymous_5)
FNF:4
FNH:4
FNDA:1,(anonymous_2)
FNDA:2,(anonymous_3)
FNDA:2,(anonymous_4)
FNDA:2,(anonymous_5)
DA:1,1
DA:2,1
DA:4,1
DA:6,1
DA:8,1
DA:10,1
DA:17,1
DA:18,1
DA:19,1
DA:20,1
DA:21,1
DA:22,1
DA:26,0
DA:27,0
DA:34,1
DA:37,2
DA:39,2
DA:41,2
DA:43,2
DA:45,2
DA:46,1
DA:49,2
DA:50,1
DA:53,2
DA:54,0
DA:57,2
DA:58,2
DA:62,2
DA:65,2
DA:67,0
DA:68,0
DA:77,1
DA:78,2
DA:80,2
DA:81,2
DA:84,2
DA:85,1
DA:88,1
DA:98,1
DA:99,1
DA:101,0
DA:102,0
DA:112,1
DA:113,2
DA:114,2
DA:117,2
DA:118,1
DA:121,1
DA:124,1
DA:125,0
DA:128,1
DA:157,1
DA:162,1
DA:163,1
DA:165,0
DA:166,0
LF:56
LH:46
BRDA:37,0,0,1
BRDA:37,0,1,1
BRDA:39,1,0,1
BRDA:39,1,1,1
BRDA:41,2,0,0
BRDA:41,2,1,2
BRDA:45,3,0,1
BRDA:49,4,0,1
BRDA:53,5,0,0
BRDA:84,6,0,1
BRDA:84,7,0,2
BRDA:84,7,1,1
BRDA:117,8,0,1
BRDA:117,9,0,2
BRDA:117,9,1,2
BRDA:124,10,0,0
BRF:16
BRH:13
end_of_record
TN:
SF:src/services/dbService/dbConnect.ts
FN:6,sequelizeLogging
FNF:1
FNH:1
FNDA:125,sequelizeLogging
DA:1,1
DA:2,1
DA:3,1
DA:7,125
DA:10,6
LF:5
LH:5
BRF:0
BRH:0
end_of_record
TN:
SF:src/services/dbService/initDBAndModels.ts
FN:6,assertDBConnectionOK
FN:19,emptyUsersTable
FN:23,emptyMessagesTable
FNF:3
FNH:3
FNDA:1,assertDBConnectionOK
FNDA:1,emptyUsersTable
FNDA:1,emptyMessagesTable
DA:1,1
DA:2,1
DA:3,1
DA:4,1
DA:7,1
DA:9,1
DA:10,1
DA:11,1
DA:12,1
DA:14,0
DA:15,0
DA:19,1
DA:20,1
DA:23,1
DA:24,1
DA:27,1
DA:29,102
LF:17
LH:15
BRF:0
BRH:0
end_of_record
TN:
SF:src/utils/helpers.ts
FN:23,excelDateToJSDate
FN:33,(anonymous_5)
FN:48,(anonymous_6)
FN:69,(anonymous_7)
FN:84,(anonymous_8)
FNF:5
FNH:5
FNDA:110,excelDateToJSDate
FNDA:1,(anonymous_5)
FNDA:1000,(anonymous_6)
FNDA:1,(anonymous_7)
FNDA:100,(anonymous_8)
DA:1,1
DA:2,1
DA:3,1
DA:4,1
DA:8,1
DA:9,1
DA:13,1
DA:24,110
DA:25,110
DA:28,110
DA:30,110
DA:33,1
DA:34,1
DA:35,1
DA:37,1
DA:38,1
DA:40,1
DA:41,1
DA:44,1
DA:46,2
DA:47,1
DA:48,1
DA:49,1000
DA:51,10
DA:53,10
DA:61,10
DA:69,1
DA:70,1
DA:71,1
DA:73,1
DA:74,1
DA:76,1
DA:77,1
DA:80,1
DA:82,2
DA:83,1
DA:84,1
DA:85,100
DA:87,100
DA:89,100
DA:98,100
LF:41
LH:41
BRDA:25,0,0,110
BRDA:25,0,1,0
BRDA:46,1,0,1
BRDA:47,2,0,1
BRDA:47,3,0,1
BRDA:47,3,1,1
BRDA:49,4,0,10
BRDA:82,5,0,1
BRDA:83,6,0,1
BRDA:83,7,0,1
BRDA:83,7,1,1
BRDA:85,8,0,100
BRF:12
BRH:11
end_of_record
